<?xml version="1.0" encoding="UTF-8"?>
<!-- Generated by org.testng.reporters.JUnitXMLReporter -->
<testsuite hostname="bwojtulewicz-nb" name="repository-test" tests="4" failures="0" timestamp="8 Sep 2017 10:05:24 GMT" time="6.63" errors="0">
  <testcase name="findAllBorrowers" time="0.208" classname="pl.altkom.hibernatejpa.repositories.BorrowerRepositoryTest"/>
  <testcase name="findAllBorrowers" time="0.208" classname="pl.altkom.hibernatejpa.repositories.BorrowerRepositoryTest"/>
  <testcase name="findById" time="0.015" classname="pl.altkom.hibernatejpa.repositories.BorrowerRepositoryTest"/>
  <testcase name="findById" time="0.015" classname="pl.altkom.hibernatejpa.repositories.BorrowerRepositoryTest"/>
</testsuite> <!-- repository-test -->
