<?xml version="1.0" encoding="UTF-8"?>
<testng-results skipped="0" failed="0" total="7" passed="7">
  <reporter-output>
  </reporter-output>
  <suite name="Default suite" duration-ms="254" started-at="2017-01-28T13:04:40Z" finished-at="2017-01-28T13:04:40Z">
    <groups>
    </groups>
    <test name="Default test" duration-ms="254" started-at="2017-01-28T13:04:40Z" finished-at="2017-01-28T13:04:40Z">
      <class name="com.websystique.springmvc.service.EmployeeServiceImplTest">
        <test-method status="PASS" signature="setUp()[pri:0, instance:com.websystique.springmvc.service.EmployeeServiceImplTest@59fa1d9b]" name="setUp" is-config="true" duration-ms="218" started-at="2017-01-28T14:04:40Z" finished-at="2017-01-28T14:04:40Z">
          <reporter-output>
          </reporter-output>
        </test-method> <!-- setUp -->
        <test-method status="PASS" signature="deleteEmployeeBySsn()[pri:0, instance:com.websystique.springmvc.service.EmployeeServiceImplTest@59fa1d9b]" name="deleteEmployeeBySsn" duration-ms="15" started-at="2017-01-28T14:04:40Z" finished-at="2017-01-28T14:04:40Z">
          <reporter-output>
          </reporter-output>
        </test-method> <!-- deleteEmployeeBySsn -->
        <test-method status="PASS" signature="findAllEmployees()[pri:0, instance:com.websystique.springmvc.service.EmployeeServiceImplTest@59fa1d9b]" name="findAllEmployees" duration-ms="2" started-at="2017-01-28T14:04:40Z" finished-at="2017-01-28T14:04:40Z">
          <reporter-output>
          </reporter-output>
        </test-method> <!-- findAllEmployees -->
        <test-method status="PASS" signature="findById()[pri:0, instance:com.websystique.springmvc.service.EmployeeServiceImplTest@59fa1d9b]" name="findById" duration-ms="1" started-at="2017-01-28T14:04:40Z" finished-at="2017-01-28T14:04:40Z">
          <reporter-output>
          </reporter-output>
        </test-method> <!-- findById -->
        <test-method status="PASS" signature="findEmployeeBySsn()[pri:0, instance:com.websystique.springmvc.service.EmployeeServiceImplTest@59fa1d9b]" name="findEmployeeBySsn" duration-ms="1" started-at="2017-01-28T14:04:40Z" finished-at="2017-01-28T14:04:40Z">
          <reporter-output>
          </reporter-output>
        </test-method> <!-- findEmployeeBySsn -->
        <test-method status="PASS" signature="isEmployeeSsnUnique()[pri:0, instance:com.websystique.springmvc.service.EmployeeServiceImplTest@59fa1d9b]" name="isEmployeeSsnUnique" duration-ms="1" started-at="2017-01-28T14:04:40Z" finished-at="2017-01-28T14:04:40Z">
          <reporter-output>
          </reporter-output>
        </test-method> <!-- isEmployeeSsnUnique -->
        <test-method status="PASS" signature="saveEmployee()[pri:0, instance:com.websystique.springmvc.service.EmployeeServiceImplTest@59fa1d9b]" name="saveEmployee" duration-ms="1" started-at="2017-01-28T14:04:40Z" finished-at="2017-01-28T14:04:40Z">
          <reporter-output>
          </reporter-output>
        </test-method> <!-- saveEmployee -->
        <test-method status="PASS" signature="updateEmployee()[pri:0, instance:com.websystique.springmvc.service.EmployeeServiceImplTest@59fa1d9b]" name="updateEmployee" duration-ms="1" started-at="2017-01-28T14:04:40Z" finished-at="2017-01-28T14:04:40Z">
          <reporter-output>
          </reporter-output>
        </test-method> <!-- updateEmployee -->
      </class> <!-- com.websystique.springmvc.service.EmployeeServiceImplTest -->
    </test> <!-- Default test -->
  </suite> <!-- Default suite -->
</testng-results>
