<?xml version="1.0" encoding="UTF-8"?>
<!-- Generated by org.testng.reporters.JUnitXMLReporter -->
<testsuite hostname="bwojtulewicz-nb" name="borrower-service-test" tests="16" failures="0" timestamp="3 Oct 2017 12:33:25 GMT" time="0.511" errors="0">
  <testcase name="deleteBorrowerBySsn" time="0.03" classname="pl.altkom.hibernatejpa.service.BorrowerServiceImplTest"/>
  <testcase name="deleteBorrowerBySsn" time="0.03" classname="pl.altkom.hibernatejpa.service.BorrowerServiceImplTest"/>
  <testcase name="failTodeleteBorrowerByNonExistingSsn" time="0.009" classname="pl.altkom.hibernatejpa.service.BorrowerServiceImplTest"/>
  <testcase name="failTodeleteBorrowerByNonExistingSsn" time="0.009" classname="pl.altkom.hibernatejpa.service.BorrowerServiceImplTest"/>
  <testcase name="failTosaveExistingBorrower" time="0.003" classname="pl.altkom.hibernatejpa.service.BorrowerServiceImplTest"/>
  <testcase name="failTosaveExistingBorrower" time="0.003" classname="pl.altkom.hibernatejpa.service.BorrowerServiceImplTest"/>
  <testcase name="findAllBorrowers" time="0.006" classname="pl.altkom.hibernatejpa.service.BorrowerServiceImplTest"/>
  <testcase name="findAllBorrowers" time="0.006" classname="pl.altkom.hibernatejpa.service.BorrowerServiceImplTest"/>
  <testcase name="findBorrowerById" time="0.004" classname="pl.altkom.hibernatejpa.service.BorrowerServiceImplTest"/>
  <testcase name="findBorrowerById" time="0.004" classname="pl.altkom.hibernatejpa.service.BorrowerServiceImplTest"/>
  <testcase name="findByReturnDate" time="0.005" classname="pl.altkom.hibernatejpa.service.BorrowerServiceImplTest"/>
  <testcase name="findByReturnDate" time="0.005" classname="pl.altkom.hibernatejpa.service.BorrowerServiceImplTest"/>
  <testcase name="isBorrowerSsnUnique" time="0.001" classname="pl.altkom.hibernatejpa.service.BorrowerServiceImplTest"/>
  <testcase name="isBorrowerSsnUnique" time="0.001" classname="pl.altkom.hibernatejpa.service.BorrowerServiceImplTest"/>
  <testcase name="saveNewBorrower" time="0.005" classname="pl.altkom.hibernatejpa.service.BorrowerServiceImplTest"/>
  <testcase name="saveNewBorrower" time="0.005" classname="pl.altkom.hibernatejpa.service.BorrowerServiceImplTest"/>
</testsuite> <!-- borrower-service-test -->
