<?xml version="1.0" encoding="UTF-8"?>
<!-- Generated by org.testng.reporters.JUnitXMLReporter -->
<testsuite hostname="bwojtulewicz-nb" name="Default test" tests="14" failures="0" timestamp="9 Oct 2017 09:46:55 GMT" time="7.665" errors="0">
  <testcase name="getAuthor" time="0.417" classname="pl.altkom.hibernatejpa.repositories.BookRepoTest$RepositoriesEmptyDataTest"/>
  <testcase name="getAuthor" time="0.417" classname="pl.altkom.hibernatejpa.repositories.BookRepoTest$RepositoriesEmptyDataTest"/>
  <testcase name="getBook" time="0.032" classname="pl.altkom.hibernatejpa.repositories.BookRepoTest$RepositoriesEmptyDataTest"/>
  <testcase name="getBook" time="0.032" classname="pl.altkom.hibernatejpa.repositories.BookRepoTest$RepositoriesEmptyDataTest"/>
  <testcase name="getBook2" time="0.021" classname="pl.altkom.hibernatejpa.repositories.BookRepoTest$RepositoriesEmptyDataTest"/>
  <testcase name="getBook2" time="0.021" classname="pl.altkom.hibernatejpa.repositories.BookRepoTest$RepositoriesEmptyDataTest"/>
  <testcase name="getBookByTitleRegex" time="0.012" classname="pl.altkom.hibernatejpa.repositories.BookRepoTest$RepositoriesEmptyDataTest"/>
  <testcase name="getBookByTitleRegex" time="0.012" classname="pl.altkom.hibernatejpa.repositories.BookRepoTest$RepositoriesEmptyDataTest"/>
  <testcase name="getBorrowsRepo" time="0.008" classname="pl.altkom.hibernatejpa.repositories.BookRepoTest$RepositoriesEmptyDataTest"/>
  <testcase name="getBorrowsRepo" time="0.008" classname="pl.altkom.hibernatejpa.repositories.BookRepoTest$RepositoriesEmptyDataTest"/>
  <testcase name="getBorrowsService" time="0.011" classname="pl.altkom.hibernatejpa.repositories.BookRepoTest$RepositoriesEmptyDataTest"/>
  <testcase name="getBorrowsService" time="0.011" classname="pl.altkom.hibernatejpa.repositories.BookRepoTest$RepositoriesEmptyDataTest"/>
  <testcase name="getGenre" time="0.009" classname="pl.altkom.hibernatejpa.repositories.BookRepoTest$RepositoriesEmptyDataTest"/>
  <testcase name="getGenre" time="0.009" classname="pl.altkom.hibernatejpa.repositories.BookRepoTest$RepositoriesEmptyDataTest"/>
</testsuite> <!-- Default test -->
