<?xml version="1.0" encoding="UTF-8"?>
<!-- Generated by org.testng.reporters.JUnitXMLReporter -->
<testsuite hostname="bwojtulewicz-nb" name="Default test" tests="2" failures="0" timestamp="4 Oct 2017 11:07:32 GMT" time="7.918" errors="0">
  <testcase name="getBorrow" time="0.038" classname="pl.altkom.hibernatejpa.repositories.BookRepoTest$RepositoriesEmptyDataTest"/>
  <testcase name="getBorrow" time="0.038" classname="pl.altkom.hibernatejpa.repositories.BookRepoTest$RepositoriesEmptyDataTest"/>
</testsuite> <!-- Default test -->
