<?xml version="1.0" encoding="UTF-8"?>
<!-- Generated by org.testng.reporters.JUnitXMLReporter -->
<testsuite hostname="X-Komputer" name="backend" tests="13" failures="0" timestamp="7 Jan 2017 16:27:18 GMT" time="0.056" errors="0">
  <testcase name="testAdd" time="0.015" classname="com.websystique.testng.TestCalculator"/>
  <testcase name="testMultiply" time="0.001" classname="com.websystique.testng.TestCalculator"/>
  <testcase name="testSubtract" time="0.001" classname="com.websystique.testng.TestCalculator"/>
  <testcase name="testDelete" time="0.001" classname="com.websystique.testng.TestDataBase"/>
  <testcase name="testInsert" time="0.001" classname="com.websystique.testng.TestDataBase"/>
  <testcase name="testUpdate" time="0.0" classname="com.websystique.testng.TestDataBase"/>
  <testcase name="accessAdminPage" time="0.001" classname="com.websystique.testng.TestNGGroupExample"/>
  <testcase name="accessHomePage" time="0.0" classname="com.websystique.testng.TestNGGroupExample"/>
  <testcase name="testDelete" time="0.0" classname="com.websystique.testng.TestNGGroupExample"/>
  <testcase name="testInsert" time="0.001" classname="com.websystique.testng.TestNGGroupExample"/>
  <testcase name="testUpdate" time="0.001" classname="com.websystique.testng.TestNGGroupExample"/>
  <testcase name="accessAdminPage" time="0.001" classname="com.websystique.testng.TestSecurity"/>
  <testcase name="accessHomePage" time="0.001" classname="com.websystique.testng.TestSecurity"/>
</testsuite> <!-- backend -->
