<?xml version="1.0" encoding="UTF-8"?>
<!-- Generated by org.testng.reporters.JUnitXMLReporter -->
<testsuite hostname="X-Komputer" name="back-end" tests="5" failures="0" timestamp="6 Jan 2017 18:51:27 GMT" time="0.017" errors="0">
  <testcase name="accessAdminPage" time="0.002" classname="com.websystique.testng.TestSecurity"/>
  <testcase name="accessHomePage" time="0.001" classname="com.websystique.testng.TestSecurity"/>
  <testcase name="testDelete" time="0.001" classname="com.websystique.testng.TestDataBase"/>
  <testcase name="testInsert" time="0.003" classname="com.websystique.testng.TestDataBase"/>
  <testcase name="testUpdate" time="0.002" classname="com.websystique.testng.TestDataBase"/>
</testsuite> <!-- back-end -->
