<?xml version="1.0" encoding="UTF-8"?>
<!-- Generated by org.testng.reporters.JUnitXMLReporter -->
<testsuite hostname="bwojtulewicz-nb" name="borrower-repository-test" tests="14" failures="0" timestamp="14 Sep 2017 11:49:36 GMT" time="7.305" errors="0">
  <testcase name="checkSsnLengthConstraint" time="0.111" classname="pl.altkom.hibernatejpa.repositories.BorrowerRepositoryTest"/>
  <testcase name="checkSsnLengthConstraint" time="0.111" classname="pl.altkom.hibernatejpa.repositories.BorrowerRepositoryTest"/>
  <testcase name="deleteBorrowerBySsn" time="0.631" classname="pl.altkom.hibernatejpa.repositories.BorrowerRepositoryTest"/>
  <testcase name="deleteBorrowerBySsn" time="0.631" classname="pl.altkom.hibernatejpa.repositories.BorrowerRepositoryTest"/>
  <testcase name="findAllBorrowers" time="0.015" classname="pl.altkom.hibernatejpa.repositories.BorrowerRepositoryTest"/>
  <testcase name="findAllBorrowers" time="0.015" classname="pl.altkom.hibernatejpa.repositories.BorrowerRepositoryTest"/>
  <testcase name="findById" time="0.013" classname="pl.altkom.hibernatejpa.repositories.BorrowerRepositoryTest"/>
  <testcase name="findById" time="0.013" classname="pl.altkom.hibernatejpa.repositories.BorrowerRepositoryTest"/>
  <testcase name="findByName" time="0.014" classname="pl.altkom.hibernatejpa.repositories.BorrowerRepositoryTest"/>
  <testcase name="findByName" time="0.014" classname="pl.altkom.hibernatejpa.repositories.BorrowerRepositoryTest"/>
  <testcase name="saveBorrower" time="0.037" classname="pl.altkom.hibernatejpa.repositories.BorrowerRepositoryTest"/>
  <testcase name="saveBorrower" time="0.037" classname="pl.altkom.hibernatejpa.repositories.BorrowerRepositoryTest"/>
  <testcase name="updateBorrower" time="0.012" classname="pl.altkom.hibernatejpa.repositories.BorrowerRepositoryTest"/>
  <testcase name="updateBorrower" time="0.012" classname="pl.altkom.hibernatejpa.repositories.BorrowerRepositoryTest"/>
</testsuite> <!-- borrower-repository-test -->
