<?xml version="1.0" encoding="UTF-8"?>
<!-- Generated by org.testng.reporters.JUnitXMLReporter -->
<testsuite hostname="bwojtulewicz-nb" name="repositories-test" tests="5" failures="0" timestamp="14 Sep 2017 11:49:39 GMT" time="2.482" errors="0">
  <testcase name="fetchAuthor" time="0.025" classname="pl.altkom.hibernatejpa.repositories.RepositoriesTest"/>
  <testcase name="fetchBook" time="0.038" classname="pl.altkom.hibernatejpa.repositories.RepositoriesTest"/>
  <testcase name="fetchBookWithJoin" time="0.018" classname="pl.altkom.hibernatejpa.repositories.RepositoriesTest"/>
  <testcase name="saveBorrow" time="0.049" classname="pl.altkom.hibernatejpa.repositories.RepositoriesTest"/>
  <testcase name="saveBorrowInsert" time="0.023" classname="pl.altkom.hibernatejpa.repositories.RepositoriesTest"/>
</testsuite> <!-- repositories-test -->
