<?xml version="1.0" encoding="UTF-8"?>
<!-- Generated by org.testng.reporters.JUnitXMLReporter -->
<testsuite hostname="X-Komputer" name="Default test" tests="6" failures="0" timestamp="11 Jan 2017 17:49:15 GMT" time="0.263" errors="0">
  <testcase name="deleteEmployeeBySsn" time="0.015" classname="com.websystique.testng.EmployeeServiceImplTest"/>
  <testcase name="deleteEmployeeBySsnNotExist" time="0.031" classname="com.websystique.testng.EmployeeServiceImplTest"/>
  <testcase name="deleteEmployeeBySsnNotExistAgain" time="0.001" classname="com.websystique.testng.EmployeeServiceImplTest"/>
  <testcase name="findAllEmployees" time="0.012" classname="com.websystique.testng.EmployeeServiceImplTest"/>
  <testcase name="saveEmployee" time="0.002" classname="com.websystique.testng.EmployeeServiceImplTest"/>
  <testcase name="saveExistingEmployee" time="0.003" classname="com.websystique.testng.EmployeeServiceImplTest"/>
</testsuite> <!-- Default test -->
