<?xml version="1.0" encoding="UTF-8"?>
<!-- Generated by org.testng.reporters.JUnitXMLReporter -->
<testsuite hostname="bwojtulewicz-nb" name="borrower-repository-test" tests="7" failures="0" timestamp="3 Oct 2017 12:33:34 GMT" time="8.236" errors="0">
  <testcase name="checkSsnLengthConstraint" time="0.098" classname="pl.altkom.hibernatejpa.repositories.BorrowerRepositoryTest"/>
  <testcase name="deleteBorrowerBySsn" time="0.212" classname="pl.altkom.hibernatejpa.repositories.BorrowerRepositoryTest"/>
  <testcase name="findAllBorrowers" time="0.01" classname="pl.altkom.hibernatejpa.repositories.BorrowerRepositoryTest"/>
  <testcase name="findById" time="0.012" classname="pl.altkom.hibernatejpa.repositories.BorrowerRepositoryTest"/>
  <testcase name="findByName" time="0.009" classname="pl.altkom.hibernatejpa.repositories.BorrowerRepositoryTest"/>
  <testcase name="saveBorrower" time="0.016" classname="pl.altkom.hibernatejpa.repositories.BorrowerRepositoryTest"/>
  <testcase name="updateBorrower" time="0.025" classname="pl.altkom.hibernatejpa.repositories.BorrowerRepositoryTest"/>
</testsuite> <!-- borrower-repository-test -->
