<?xml version="1.0" encoding="UTF-8"?>
<!-- Generated by org.testng.reporters.JUnitXMLReporter -->
<testsuite hostname="bwojtulewicz-nb" name="repositories-test" tests="6" failures="0" timestamp="3 Oct 2017 12:33:37 GMT" time="2.887" errors="0">
  <testcase name="fetchAuthor" time="0.014" classname="pl.altkom.hibernatejpa.repositories.RepositoriesTest"/>
  <testcase name="fetchBook" time="0.019" classname="pl.altkom.hibernatejpa.repositories.RepositoriesTest"/>
  <testcase name="fetchBookWithJoin" time="0.026" classname="pl.altkom.hibernatejpa.repositories.RepositoriesTest"/>
  <testcase name="saveBorrowInsert" time="0.066" classname="pl.altkom.hibernatejpa.repositories.RepositoriesTest"/>
  <testcase name="saveBorrowWithParameters" time="0.03" classname="pl.altkom.hibernatejpa.repositories.RepositoriesTest"/>
  <testcase name="saveBorrowWithParameters" time="0.011" classname="pl.altkom.hibernatejpa.repositories.RepositoriesTest"/>
</testsuite> <!-- repositories-test -->
