<?xml version="1.0" encoding="UTF-8"?>
<testng-results skipped="0" failed="0" total="1" passed="1">
  <reporter-output>
  </reporter-output>
  <suite name="Default suite" duration-ms="7918" started-at="2017-10-04T11:07:24Z" finished-at="2017-10-04T11:07:32Z">
    <groups>
    </groups>
    <test name="Default test" duration-ms="7918" started-at="2017-10-04T11:07:24Z" finished-at="2017-10-04T11:07:32Z">
      <class name="pl.altkom.hibernatejpa.repositories.BookRepoTest$RepositoriesEmptyDataTest">
        <test-method status="PASS" signature="springTestContextPrepareTestInstance()[pri:0, instance:pl.altkom.hibernatejpa.repositories.BookRepoTest$RepositoriesEmptyDataTest@243c4f91]" name="springTestContextPrepareTestInstance" is-config="true" duration-ms="7661" started-at="2017-10-04T13:07:24Z" depends-on-methods="org.springframework.test.context.testng.AbstractTestNGSpringContextTests.springTestContextBeforeTestClass" finished-at="2017-10-04T13:07:32Z">
          <reporter-output>
          </reporter-output>
        </test-method> <!-- springTestContextPrepareTestInstance -->
        <test-method status="PASS" signature="springTestContextBeforeTestClass()[pri:0, instance:pl.altkom.hibernatejpa.repositories.BookRepoTest$RepositoriesEmptyDataTest@243c4f91]" name="springTestContextBeforeTestClass" is-config="true" duration-ms="0" started-at="2017-10-04T13:07:24Z" finished-at="2017-10-04T13:07:24Z">
          <reporter-output>
          </reporter-output>
        </test-method> <!-- springTestContextBeforeTestClass -->
        <test-method status="PASS" signature="springTestContextBeforeTestMethod(java.lang.reflect.Method)[pri:0, instance:pl.altkom.hibernatejpa.repositories.BookRepoTest$RepositoriesEmptyDataTest@243c4f91]" name="springTestContextBeforeTestMethod" is-config="true" duration-ms="16" started-at="2017-10-04T13:07:32Z" finished-at="2017-10-04T13:07:32Z">
          <params>
            <param index="0">
              <value>
                <![CDATA[public void pl.altkom.hibernatejpa.repositories.BookRepoTest$RepositoriesEmptyDataTest.getBorrow()]]>
              </value>
            </param>
          </params>
          <reporter-output>
          </reporter-output>
        </test-method> <!-- springTestContextBeforeTestMethod -->
        <test-method status="PASS" signature="getBorrow()[pri:0, instance:pl.altkom.hibernatejpa.repositories.BookRepoTest$RepositoriesEmptyDataTest@243c4f91]" name="getBorrow" duration-ms="38" started-at="2017-10-04T13:07:32Z" finished-at="2017-10-04T13:07:32Z">
          <reporter-output>
          </reporter-output>
        </test-method> <!-- getBorrow -->
        <test-method status="PASS" signature="springTestContextAfterTestMethod(java.lang.reflect.Method)[pri:0, instance:pl.altkom.hibernatejpa.repositories.BookRepoTest$RepositoriesEmptyDataTest@243c4f91]" name="springTestContextAfterTestMethod" is-config="true" duration-ms="6" started-at="2017-10-04T13:07:32Z" finished-at="2017-10-04T13:07:32Z">
          <params>
            <param index="0">
              <value>
                <![CDATA[public void pl.altkom.hibernatejpa.repositories.BookRepoTest$RepositoriesEmptyDataTest.getBorrow()]]>
              </value>
            </param>
          </params>
          <reporter-output>
          </reporter-output>
        </test-method> <!-- springTestContextAfterTestMethod -->
        <test-method status="PASS" signature="springTestContextAfterTestClass()[pri:0, instance:pl.altkom.hibernatejpa.repositories.BookRepoTest$RepositoriesEmptyDataTest@243c4f91]" name="springTestContextAfterTestClass" is-config="true" duration-ms="168" started-at="2017-10-04T13:07:32Z" finished-at="2017-10-04T13:07:32Z">
          <reporter-output>
          </reporter-output>
        </test-method> <!-- springTestContextAfterTestClass -->
      </class> <!-- pl.altkom.hibernatejpa.repositories.BookRepoTest$RepositoriesEmptyDataTest -->
    </test> <!-- Default test -->
  </suite> <!-- Default suite -->
</testng-results>
