<?xml version="1.0" encoding="UTF-8"?>
<!-- Generated by org.testng.reporters.JUnitXMLReporter -->
<testsuite hostname="X-Komputer" name="Default test" tests="6" failures="0" timestamp="9 Feb 2017 13:36:33 GMT" time="1.537" errors="0">
  <testcase name="deleteEmployeeByInvalidSsn" time="0.107" classname="com.websystique.springmvc.dao.EmployeeDaoImplTest"/>
  <testcase name="deleteEmployeeBySsn" time="0.004" classname="com.websystique.springmvc.dao.EmployeeDaoImplTest"/>
  <testcase name="findAllEmployees" time="0.003" classname="com.websystique.springmvc.dao.EmployeeDaoImplTest"/>
  <testcase name="findById" time="0.009" classname="com.websystique.springmvc.dao.EmployeeDaoImplTest"/>
  <testcase name="findEmployeeBySsn" time="0.009" classname="com.websystique.springmvc.dao.EmployeeDaoImplTest"/>
  <testcase name="saveEmployee" time="0.015" classname="com.websystique.springmvc.dao.EmployeeDaoImplTest"/>
</testsuite> <!-- Default test -->
